[debug] [2022-07-15T13:24:35.271Z] ----------------------------------------------------------------------
[debug] [2022-07-15T13:24:35.273Z] Command:       /usr/local/bin/node /usr/local/bin/firebase emulators:start --only functions
[debug] [2022-07-15T13:24:35.273Z] CLI Version:   11.1.0
[debug] [2022-07-15T13:24:35.274Z] Platform:      darwin
[debug] [2022-07-15T13:24:35.274Z] Node Version:  v14.18.1
[debug] [2022-07-15T13:24:35.275Z] Time:          Fri Jul 15 2022 18:24:35 GMT+0500 (Pakistan Standard Time)
[debug] [2022-07-15T13:24:35.275Z] ----------------------------------------------------------------------
[debug] 
[debug] [2022-07-15T13:24:35.344Z] > command requires scopes: ["email","openid","https://www.googleapis.com/auth/cloudplatformprojects.readonly","https://www.googleapis.com/auth/firebase","https://www.googleapis.com/auth/cloud-platform"]
[debug] [2022-07-15T13:24:35.345Z] > authorizing via signed-in user (khawarqureshi871@gmail.com)
[info] i  emulators: Starting emulators: functions {"metadata":{"emulator":{"name":"hub"},"message":"Starting emulators: functions"}}
[debug] [2022-07-15T13:24:35.424Z] [hub] writing locator at /var/folders/jy/zdrptc1n7399nr9q5z_bv53w0000gn/T/hub-dolcedays-6a18d.json
[warn] ⚠  functions: The following emulators are not running, calls to these services from the Functions emulator will affect production: auth, firestore, database, hosting, pubsub, storage {"metadata":{"emulator":{"name":"functions"},"message":"The following emulators are not running, calls to these services from the Functions emulator will affect production: \u001b[1mauth, firestore, database, hosting, pubsub, storage\u001b[22m"}}
[warn] ⚠  Your requested "node" version "16" doesn't match your global version "14". Using node@14 from host. {"metadata":{"emulator":{"name":"functions"},"message":"Your requested \"node\" version \"16\" doesn't match your global version \"14\". Using node@14 from host."}}
[debug] [2022-07-15T13:24:35.622Z] defaultcredentials: writing to file /Users/themacstore/.config/firebase/khawarqureshi871_gmail_com_application_default_credentials.json
[debug] [2022-07-15T13:24:35.629Z] Setting GAC to /Users/themacstore/.config/firebase/khawarqureshi871_gmail_com_application_default_credentials.json {"metadata":{"emulator":{"name":"functions"},"message":"Setting GAC to /Users/themacstore/.config/firebase/khawarqureshi871_gmail_com_application_default_credentials.json"}}
[debug] [2022-07-15T13:24:35.634Z] >>> [apiv2][query] GET https://firebase.googleapis.com/v1beta1/projects/dolcedays-6a18d/adminSdkConfig [none]
[debug] [2022-07-15T13:24:36.215Z] <<< [apiv2][status] GET https://firebase.googleapis.com/v1beta1/projects/dolcedays-6a18d/adminSdkConfig 200
[debug] [2022-07-15T13:24:36.215Z] <<< [apiv2][body] GET https://firebase.googleapis.com/v1beta1/projects/dolcedays-6a18d/adminSdkConfig {"projectId":"dolcedays-6a18d","databaseURL":"https://dolcedays-6a18d-default-rtdb.firebaseio.com","storageBucket":"dolcedays-6a18d.appspot.com","locationId":"us-central"}
[debug] [2022-07-15T13:24:36.513Z] Ignoring unsupported arg: auto_download {"metadata":{"emulator":{"name":"ui"},"message":"Ignoring unsupported arg: auto_download"}}
[debug] [2022-07-15T13:24:36.513Z] Ignoring unsupported arg: port {"metadata":{"emulator":{"name":"ui"},"message":"Ignoring unsupported arg: port"}}
[debug] [2022-07-15T13:24:36.513Z] Starting Emulator UI with command {"binary":"node","args":["--dns-result-order=ipv4first","/Users/themacstore/.cache/firebase/emulators/ui-v1.7.0/server.bundle.js"],"optionalArgs":[],"joinArgs":false} {"metadata":{"emulator":{"name":"ui"},"message":"Starting Emulator UI with command {\"binary\":\"node\",\"args\":[\"--dns-result-order=ipv4first\",\"/Users/themacstore/.cache/firebase/emulators/ui-v1.7.0/server.bundle.js\"],\"optionalArgs\":[],\"joinArgs\":false}"}}
[info] i  ui: Emulator UI logging to ui-debug.log {"metadata":{"emulator":{"name":"ui"},"message":"Emulator UI logging to \u001b[1mui-debug.log\u001b[22m"}}
[debug] [2022-07-15T13:24:36.748Z] Web / API server started at localhost:4000
 {"metadata":{"emulator":{"name":"ui"},"message":"Web / API server started at localhost:4000\n"}}
[info] i  functions: Watching "/Users/themacstore/Documents/Dolce-Days-App/functions" for Cloud Functions... {"metadata":{"emulator":{"name":"functions"},"message":"Watching \"/Users/themacstore/Documents/Dolce-Days-App/functions\" for Cloud Functions..."}}
[debug] [2022-07-15T13:24:36.795Z] Validating nodejs source
[debug] [2022-07-15T13:24:39.836Z] > [functions] package.json contents: {
  "name": "functions",
  "description": "Cloud Functions for Firebase",
  "scripts": {
    "serve": "firebase emulators:start --only functions",
    "shell": "firebase functions:shell",
    "start": "npm run shell",
    "deploy": "firebase deploy --only functions",
    "logs": "firebase functions:log"
  },
  "engines": {
    "node": "16"
  },
  "main": "index.js",
  "dependencies": {
    "firebase-admin": "^10.0.2",
    "firebase-functions": "^3.22.0",
    "stripe": "^9.8.0"
  },
  "devDependencies": {
    "firebase-functions-test": "^0.2.0"
  },
  "private": true
}
[debug] [2022-07-15T13:24:39.837Z] Building nodejs source
[debug] [2022-07-15T13:24:39.837Z] Analyzing nodejs backend spec
[debug] [2022-07-15T13:24:39.842Z] Could not find functions.yaml. Must use http discovery
[debug] [2022-07-15T13:24:40.092Z] Serving at port 9005

[debug] [2022-07-15T13:24:40.255Z] Got response from /__/functions.yaml {"endpoints":{"saveCard":{"platform":"gcfv1","httpsTrigger":{},"entryPoint":"saveCard"},"payWithStripeCard":{"platform":"gcfv1","httpsTrigger":{},"entryPoint":"payWithStripeCard"},"refundBookingPayment":{"platform":"gcfv1","httpsTrigger":{},"entryPoint":"refundBookingPayment"}},"specVersion":"v1alpha1","requiredAPIs":[]}
[debug] [2022-07-15T13:24:40.269Z] shutdown requested via /__/quitquitquit

[info] ✔  functions[us-central1-saveCard]: http function initialized (http://localhost:5001/dolcedays-6a18d/us-central1/saveCard). {"metadata":{"emulator":{"name":"functions"},"message":"\u001b[1mhttp\u001b[22m function initialized (http://localhost:5001/dolcedays-6a18d/us-central1/saveCard)."}}
[info] ✔  functions[us-central1-payWithStripeCard]: http function initialized (http://localhost:5001/dolcedays-6a18d/us-central1/payWithStripeCard). {"metadata":{"emulator":{"name":"functions"},"message":"\u001b[1mhttp\u001b[22m function initialized (http://localhost:5001/dolcedays-6a18d/us-central1/payWithStripeCard)."}}
[info] ✔  functions[us-central1-refundBookingPayment]: http function initialized (http://localhost:5001/dolcedays-6a18d/us-central1/refundBookingPayment). {"metadata":{"emulator":{"name":"functions"},"message":"\u001b[1mhttp\u001b[22m function initialized (http://localhost:5001/dolcedays-6a18d/us-central1/refundBookingPayment)."}}
[info] 
┌─────────────────────────────────────────────────────────────┐
│ ✔  All emulators ready! It is now safe to connect your app. │
│ i  View Emulator UI at http://localhost:4000                │
└─────────────────────────────────────────────────────────────┘

┌───────────┬────────────────┬─────────────────────────────────┐
│ Emulator  │ Host:Port      │ View in Emulator UI             │
├───────────┼────────────────┼─────────────────────────────────┤
│ Functions │ localhost:5001 │ http://localhost:4000/functions │
└───────────┴────────────────┴─────────────────────────────────┘
  Emulator Hub running at localhost:4400
  Other reserved ports: 4500

Issues? Report them at https://github.com/firebase/firebase-tools/issues and attach the *-debug.log files.
 
